============================= test session starts ==============================
platform linux -- Python 3.14.4, pytest-9.1.1, pluggy-1.6.0
rootdir: /home/ranjit/PROJECTS/placement-assistant/apps/api
configfile: pyproject.toml
testpaths: tests
plugins: anyio-4.15.1
collected 153 items

tests/test_foundation.py ..................                              [ 11%]
tests/test_m2_persistence.py .....                                       [ 15%]
tests/test_m3_api.py .........                                           [ 20%]
tests/test_m4_api.py ....                                                [ 23%]
tests/test_m5_eligibility.py ........                                    [ 28%]
tests/test_m5_eligibility_integration.py .............                   [ 37%]
tests/test_m6_binding_postgres.py sss                                    [ 39%]
tests/test_m6_certification.py .....................                     [ 52%]
tests/test_m6_generation_postgres.py ..ssss                              [ 56%]
tests/test_m6_ingestion_postgres.py ssssss                               [ 60%]
tests/test_m6_integrity.py ........................................      [ 86%]
tests/test_m6_retrieval_postgres.py sss                                  [ 88%]
tests/test_m6_sources_postgres.py ssssssss                               [ 94%]
tests/test_m7_agent_security.py .....                                    [ 97%]
tests/test_m7_agent_tools.py ....                                        [100%]

=============================== warnings summary ===============================
.venv/lib/python3.14/site-packages/fastapi/testclient.py:1
  /home/ranjit/PROJECTS/placement-assistant/apps/api/.venv/lib/python3.14/site-packages/fastapi/testclient.py:1: StarletteDeprecationWarning: Using `httpx` with `starlette.testclient` is deprecated; install `httpx2` instead.
    from starlette.testclient import TestClient as TestClient  # noqa

.venv/lib/python3.14/site-packages/starlette/testclient.py:53
  /home/ranjit/PROJECTS/placement-assistant/apps/api/.venv/lib/python3.14/site-packages/starlette/testclient.py:53: DeprecationWarning: The anyio.abc.BlockingPortal alias is deprecated, use anyio.from_thread.BlockingPortal instead.
    _PortalFactoryType = Callable[[], AbstractContextManager[anyio.abc.BlockingPortal]]

-- Docs: https://docs.pytest.org/en/stable/how-to/capture-warnings.html
================= 129 passed, 24 skipped, 2 warnings in 7.13s ==================
